[debug] [2023-06-14T00:03:56.675Z] ----------------------------------------------------------------------
[debug] [2023-06-14T00:03:56.677Z] Command:       C:\Program Files\nodejs\node.exe C:\Users\Administrator\AppData\Roaming\npm\node_modules\firebase-tools\lib\bin\firebase.js init
[debug] [2023-06-14T00:03:56.677Z] CLI Version:   12.3.1
[debug] [2023-06-14T00:03:56.678Z] Platform:      win32
[debug] [2023-06-14T00:03:56.678Z] Node Version:  v18.15.0
[debug] [2023-06-14T00:03:56.679Z] Time:          Wed Jun 14 2023 03:03:56 GMT+0300 (Eastern European Summer Time)
[debug] [2023-06-14T00:03:56.679Z] ----------------------------------------------------------------------
[debug] 
[debug] [2023-06-14T00:03:56.681Z] >>> [apiv2][query] GET https://firebase-public.firebaseio.com/cli.json [none]
[debug] [2023-06-14T00:03:56.729Z] > command requires scopes: ["email","openid","https://www.googleapis.com/auth/cloudplatformprojects.readonly","https://www.googleapis.com/auth/firebase","https://www.googleapis.com/auth/cloud-platform"]
[debug] [2023-06-14T00:03:56.729Z] > authorizing via signed-in user (markuso8525@gmail.com)
[info] 
     ######## #### ########  ######## ########     ###     ######  ########
     ##        ##  ##     ## ##       ##     ##  ##   ##  ##       ##
     ######    ##  ########  ######   ########  #########  ######  ######
     ##        ##  ##    ##  ##       ##     ## ##     ##       ## ##
     ##       #### ##     ## ######## ########  ##     ##  ######  ########

You're about to initialize a Firebase project in this directory:

  C:\Users\Administrator\VSS CODE ALL I NEED\rock-paper-scissors

[debug] [2023-06-14T00:03:57.021Z] <<< [apiv2][status] GET https://firebase-public.firebaseio.com/cli.json 200
[debug] [2023-06-14T00:03:57.021Z] <<< [apiv2][body] GET https://firebase-public.firebaseio.com/cli.json {"cloudBuildErrorAfter":1594252800000,"cloudBuildWarnAfter":1590019200000,"defaultNode10After":1594252800000,"minVersion":"3.0.5","node8DeploysDisabledAfter":1613390400000,"node8RuntimeDisabledAfter":1615809600000,"node8WarnAfter":1600128000000}
